Started GET "/" for ::1 at 2019-10-31 15:35:49 -0400
  
ActiveRecord::PendingMigrationError (

Migrations are pending. To resolve this issue, run:

        bin/rails db:migrate RAILS_ENV=development

):
  
activerecord (5.2.3) lib/active_record/migration.rb:579:in `check_pending!'
activerecord (5.2.3) lib/active_record/migration.rb:556:in `call'
actionpack (5.2.3) lib/action_dispatch/middleware/callbacks.rb:28:in `block in call'
activesupport (5.2.3) lib/active_support/callbacks.rb:98:in `run_callbacks'
actionpack (5.2.3) lib/action_dispatch/middleware/callbacks.rb:26:in `call'
actionpack (5.2.3) lib/action_dispatch/middleware/executor.rb:14:in `call'
actionpack (5.2.3) lib/action_dispatch/middleware/debug_exceptions.rb:61:in `call'
actionpack (5.2.3) lib/action_dispatch/middleware/show_exceptions.rb:33:in `call'
railties (5.2.3) lib/rails/rack/logger.rb:38:in `call_app'
railties (5.2.3) lib/rails/rack/logger.rb:26:in `block in call'
activesupport (5.2.3) lib/active_support/tagged_logging.rb:71:in `block in tagged'
activesupport (5.2.3) lib/active_support/tagged_logging.rb:28:in `tagged'
activesupport (5.2.3) lib/active_support/tagged_logging.rb:71:in `tagged'
railties (5.2.3) lib/rails/rack/logger.rb:26:in `call'
actionpack (5.2.3) lib/action_dispatch/middleware/remote_ip.rb:81:in `call'
actionpack (5.2.3) lib/action_dispatch/middleware/request_id.rb:27:in `call'
rack (2.0.7) lib/rack/runtime.rb:22:in `call'
activesupport (5.2.3) lib/active_support/cache/strategy/local_cache_middleware.rb:29:in `call'
actionpack (5.2.3) lib/action_dispatch/middleware/executor.rb:14:in `call'
actionpack (5.2.3) lib/action_dispatch/middleware/static.rb:127:in `call'
rack (2.0.7) lib/rack/sendfile.rb:111:in `call'
railties (5.2.3) lib/rails/engine.rb:524:in `call'
puma (3.12.1) lib/puma/configuration.rb:227:in `call'
puma (3.12.1) lib/puma/server.rb:660:in `handle_request'
puma (3.12.1) lib/puma/server.rb:474:in `process_client'
puma (3.12.1) lib/puma/server.rb:334:in `block in run'
puma (3.12.1) lib/puma/thread_pool.rb:135:in `block in spawn_thread'
Started GET "/favicon.ico" for ::1 at 2019-10-31 15:35:51 -0400
  
ActiveRecord::PendingMigrationError (

Migrations are pending. To resolve this issue, run:

        bin/rails db:migrate RAILS_ENV=development

):
  
activerecord (5.2.3) lib/active_record/migration.rb:579:in `check_pending!'
activerecord (5.2.3) lib/active_record/migration.rb:556:in `call'
actionpack (5.2.3) lib/action_dispatch/middleware/callbacks.rb:28:in `block in call'
activesupport (5.2.3) lib/active_support/callbacks.rb:98:in `run_callbacks'
actionpack (5.2.3) lib/action_dispatch/middleware/callbacks.rb:26:in `call'
actionpack (5.2.3) lib/action_dispatch/middleware/executor.rb:14:in `call'
actionpack (5.2.3) lib/action_dispatch/middleware/debug_exceptions.rb:61:in `call'
actionpack (5.2.3) lib/action_dispatch/middleware/show_exceptions.rb:33:in `call'
railties (5.2.3) lib/rails/rack/logger.rb:38:in `call_app'
railties (5.2.3) lib/rails/rack/logger.rb:26:in `block in call'
activesupport (5.2.3) lib/active_support/tagged_logging.rb:71:in `block in tagged'
activesupport (5.2.3) lib/active_support/tagged_logging.rb:28:in `tagged'
activesupport (5.2.3) lib/active_support/tagged_logging.rb:71:in `tagged'
railties (5.2.3) lib/rails/rack/logger.rb:26:in `call'
actionpack (5.2.3) lib/action_dispatch/middleware/remote_ip.rb:81:in `call'
actionpack (5.2.3) lib/action_dispatch/middleware/request_id.rb:27:in `call'
rack (2.0.7) lib/rack/runtime.rb:22:in `call'
activesupport (5.2.3) lib/active_support/cache/strategy/local_cache_middleware.rb:29:in `call'
actionpack (5.2.3) lib/action_dispatch/middleware/executor.rb:14:in `call'
actionpack (5.2.3) lib/action_dispatch/middleware/static.rb:127:in `call'
rack (2.0.7) lib/rack/sendfile.rb:111:in `call'
railties (5.2.3) lib/rails/engine.rb:524:in `call'
puma (3.12.1) lib/puma/configuration.rb:227:in `call'
puma (3.12.1) lib/puma/server.rb:660:in `handle_request'
puma (3.12.1) lib/puma/server.rb:474:in `process_client'
puma (3.12.1) lib/puma/server.rb:334:in `block in run'
puma (3.12.1) lib/puma/thread_pool.rb:135:in `block in spawn_thread'
  [1m[35m (15.5ms)[0m  [1m[34mSELECT sqlite_version(*)[0m
  ↳ bin/rails:9
  [1m[35m (43.5ms)[0m  [1m[35mCREATE TABLE "schema_migrations" ("version" varchar NOT NULL PRIMARY KEY)[0m
  ↳ bin/rails:9
  [1m[35m (25.7ms)[0m  [1m[35mCREATE TABLE "ar_internal_metadata" ("key" varchar NOT NULL PRIMARY KEY, "value" varchar, "created_at" datetime NOT NULL, "updated_at" datetime NOT NULL)[0m
  ↳ bin/rails:9
  [1m[35m (0.4ms)[0m  [1m[34mSELECT "schema_migrations"."version" FROM "schema_migrations" ORDER BY "schema_migrations"."version" ASC[0m
  ↳ bin/rails:9
Migrating to CreateTeams (20191031190340)
  [1m[35m (0.1ms)[0m  [1m[36mbegin transaction[0m
  ↳ bin/rails:9
  [1m[35m (0.5ms)[0m  [1m[35mCREATE TABLE "teams" ("id" integer PRIMARY KEY AUTOINCREMENT NOT NULL, "name" varchar, "color" varchar, "rank" integer, "created_at" datetime NOT NULL, "updated_at" datetime NOT NULL)[0m
  ↳ db/migrate/20191031190340_create_teams.rb:3
  [1m[36mActiveRecord::SchemaMigration Create (16.0ms)[0m  [1m[32mINSERT INTO "schema_migrations" ("version") VALUES (?)[0m  [["version", "20191031190340"]]
  ↳ bin/rails:9
  [1m[35m (16.1ms)[0m  [1m[36mcommit transaction[0m
  ↳ bin/rails:9
Migrating to CreatePlayers (20191031190451)
  [1m[35m (0.1ms)[0m  [1m[36mbegin transaction[0m
  ↳ bin/rails:9
  [1m[35m (0.4ms)[0m  [1m[35mCREATE TABLE "players" ("id" integer PRIMARY KEY AUTOINCREMENT NOT NULL, "name" varchar, "position" varchar, "number" integer, "captain" boolean, "hometown" varchar, "created_at" datetime NOT NULL, "updated_at" datetime NOT NULL)[0m
  ↳ db/migrate/20191031190451_create_players.rb:3
  [1m[36mActiveRecord::SchemaMigration Create (0.2ms)[0m  [1m[32mINSERT INTO "schema_migrations" ("version") VALUES (?)[0m  [["version", "20191031190451"]]
  ↳ bin/rails:9
  [1m[35m (12.1ms)[0m  [1m[36mcommit transaction[0m
  ↳ bin/rails:9
  [1m[36mActiveRecord::InternalMetadata Load (0.2ms)[0m  [1m[34mSELECT  "ar_internal_metadata".* FROM "ar_internal_metadata" WHERE "ar_internal_metadata"."key" = ? LIMIT ?[0m  [["key", "environment"], ["LIMIT", 1]]
  ↳ bin/rails:9
  [1m[35m (0.1ms)[0m  [1m[36mbegin transaction[0m
  ↳ bin/rails:9
  [1m[36mActiveRecord::InternalMetadata Create (0.3ms)[0m  [1m[32mINSERT INTO "ar_internal_metadata" ("key", "value", "created_at", "updated_at") VALUES (?, ?, ?, ?)[0m  [["key", "environment"], ["value", "development"], ["created_at", "2019-10-31 19:36:36.823824"], ["updated_at", "2019-10-31 19:36:36.823824"]]
  ↳ bin/rails:9
  [1m[35m (15.9ms)[0m  [1m[36mcommit transaction[0m
  ↳ bin/rails:9
  [1m[35m (0.1ms)[0m  [1m[34mSELECT "schema_migrations"."version" FROM "schema_migrations" ORDER BY "schema_migrations"."version" ASC[0m
  ↳ bin/rails:9
Started GET "/" for ::1 at 2019-10-31 15:36:51 -0400
  [1m[35m (0.4ms)[0m  [1m[34mSELECT "schema_migrations"."version" FROM "schema_migrations" ORDER BY "schema_migrations"."version" ASC[0m
  ↳ /Users/michael/.rvm/gems/ruby-2.6.1/gems/activerecord-5.2.3/lib/active_record/log_subscriber.rb:98
Processing by Rails::WelcomeController#index as HTML
  Rendering /Users/michael/.rvm/gems/ruby-2.6.1/gems/railties-5.2.3/lib/rails/templates/rails/welcome/index.html.erb
  Rendered /Users/michael/.rvm/gems/ruby-2.6.1/gems/railties-5.2.3/lib/rails/templates/rails/welcome/index.html.erb (3.1ms)
Completed 200 OK in 36ms (Views: 7.3ms | ActiveRecord: 0.0ms)


Started GET "/favicon.ico" for ::1 at 2019-10-31 15:36:52 -0400
  
ActionController::RoutingError (No route matches [GET] "/favicon.ico"):
  
actionpack (5.2.3) lib/action_dispatch/middleware/debug_exceptions.rb:65:in `call'
actionpack (5.2.3) lib/action_dispatch/middleware/show_exceptions.rb:33:in `call'
railties (5.2.3) lib/rails/rack/logger.rb:38:in `call_app'
railties (5.2.3) lib/rails/rack/logger.rb:26:in `block in call'
activesupport (5.2.3) lib/active_support/tagged_logging.rb:71:in `block in tagged'
activesupport (5.2.3) lib/active_support/tagged_logging.rb:28:in `tagged'
activesupport (5.2.3) lib/active_support/tagged_logging.rb:71:in `tagged'
railties (5.2.3) lib/rails/rack/logger.rb:26:in `call'
actionpack (5.2.3) lib/action_dispatch/middleware/remote_ip.rb:81:in `call'
actionpack (5.2.3) lib/action_dispatch/middleware/request_id.rb:27:in `call'
rack (2.0.7) lib/rack/runtime.rb:22:in `call'
activesupport (5.2.3) lib/active_support/cache/strategy/local_cache_middleware.rb:29:in `call'
actionpack (5.2.3) lib/action_dispatch/middleware/executor.rb:14:in `call'
actionpack (5.2.3) lib/action_dispatch/middleware/static.rb:127:in `call'
rack (2.0.7) lib/rack/sendfile.rb:111:in `call'
railties (5.2.3) lib/rails/engine.rb:524:in `call'
puma (3.12.1) lib/puma/configuration.rb:227:in `call'
puma (3.12.1) lib/puma/server.rb:660:in `handle_request'
puma (3.12.1) lib/puma/server.rb:474:in `process_client'
puma (3.12.1) lib/puma/server.rb:334:in `block in run'
puma (3.12.1) lib/puma/thread_pool.rb:135:in `block in spawn_thread'
Started GET "/" for ::1 at 2019-10-31 15:36:54 -0400
Processing by Rails::WelcomeController#index as HTML
  Rendering /Users/michael/.rvm/gems/ruby-2.6.1/gems/railties-5.2.3/lib/rails/templates/rails/welcome/index.html.erb
  Rendered /Users/michael/.rvm/gems/ruby-2.6.1/gems/railties-5.2.3/lib/rails/templates/rails/welcome/index.html.erb (2.2ms)
Completed 200 OK in 4ms (Views: 3.1ms | ActiveRecord: 0.0ms)


Started GET "/" for ::1 at 2019-10-31 15:39:59 -0400
Processing by Rails::WelcomeController#index as HTML
  Rendering /Users/michael/.rvm/gems/ruby-2.6.1/gems/railties-5.2.3/lib/rails/templates/rails/welcome/index.html.erb
  Rendered /Users/michael/.rvm/gems/ruby-2.6.1/gems/railties-5.2.3/lib/rails/templates/rails/welcome/index.html.erb (4.5ms)
Completed 200 OK in 28ms (Views: 6.9ms | ActiveRecord: 0.0ms)


Started GET "/" for ::1 at 2019-10-31 15:40:00 -0400
Processing by Rails::WelcomeController#index as HTML
  Rendering /Users/michael/.rvm/gems/ruby-2.6.1/gems/railties-5.2.3/lib/rails/templates/rails/welcome/index.html.erb
  Rendered /Users/michael/.rvm/gems/ruby-2.6.1/gems/railties-5.2.3/lib/rails/templates/rails/welcome/index.html.erb (2.7ms)
Completed 200 OK in 5ms (Views: 3.8ms | ActiveRecord: 0.0ms)


Started GET "/teams" for ::1 at 2019-10-31 15:44:10 -0400
Processing by TeamsController#index as HTML
  [1m[36mTeam Load (24.5ms)[0m  [1m[34mSELECT "teams".* FROM "teams"[0m
  ↳ app/controllers/concerns/response.rb:3
Completed 200 OK in 338ms (Views: 31.4ms | ActiveRecord: 24.9ms)


Started GET "/players" for ::1 at 2019-10-31 15:44:16 -0400
  
ActionController::RoutingError (No route matches [GET] "/players"):
  
actionpack (5.2.3) lib/action_dispatch/middleware/debug_exceptions.rb:65:in `call'
actionpack (5.2.3) lib/action_dispatch/middleware/show_exceptions.rb:33:in `call'
railties (5.2.3) lib/rails/rack/logger.rb:38:in `call_app'
railties (5.2.3) lib/rails/rack/logger.rb:26:in `block in call'
activesupport (5.2.3) lib/active_support/tagged_logging.rb:71:in `block in tagged'
activesupport (5.2.3) lib/active_support/tagged_logging.rb:28:in `tagged'
activesupport (5.2.3) lib/active_support/tagged_logging.rb:71:in `tagged'
railties (5.2.3) lib/rails/rack/logger.rb:26:in `call'
actionpack (5.2.3) lib/action_dispatch/middleware/remote_ip.rb:81:in `call'
actionpack (5.2.3) lib/action_dispatch/middleware/request_id.rb:27:in `call'
rack (2.0.7) lib/rack/runtime.rb:22:in `call'
activesupport (5.2.3) lib/active_support/cache/strategy/local_cache_middleware.rb:29:in `call'
actionpack (5.2.3) lib/action_dispatch/middleware/executor.rb:14:in `call'
actionpack (5.2.3) lib/action_dispatch/middleware/static.rb:127:in `call'
rack (2.0.7) lib/rack/sendfile.rb:111:in `call'
railties (5.2.3) lib/rails/engine.rb:524:in `call'
puma (3.12.1) lib/puma/configuration.rb:227:in `call'
puma (3.12.1) lib/puma/server.rb:660:in `handle_request'
puma (3.12.1) lib/puma/server.rb:474:in `process_client'
puma (3.12.1) lib/puma/server.rb:334:in `block in run'
puma (3.12.1) lib/puma/thread_pool.rb:135:in `block in spawn_thread'
Started GET "/teams/1/players" for ::1 at 2019-10-31 15:46:32 -0400
Processing by PlayersController#index as HTML
  Parameters: {"team_id"=>"1"}
  [1m[36mPlayer Load (56.5ms)[0m  [1m[34mSELECT "players".* FROM "players"[0m
  ↳ app/controllers/concerns/response.rb:3
Completed 200 OK in 205ms (Views: 8.0ms | ActiveRecord: 57.2ms)


Started GET "/teams/2/players" for ::1 at 2019-10-31 15:46:39 -0400
Processing by PlayersController#index as HTML
  Parameters: {"team_id"=>"2"}
  [1m[36mPlayer Load (0.2ms)[0m  [1m[34mSELECT "players".* FROM "players"[0m
  ↳ app/controllers/concerns/response.rb:3
Completed 200 OK in 2ms (Views: 1.0ms | ActiveRecord: 0.2ms)


  [1m[35m (0.1ms)[0m  [1m[36mbegin transaction[0m
  [1m[36mTeam Create (20.4ms)[0m  [1m[32mINSERT INTO "teams" ("name", "color", "rank", "created_at", "updated_at") VALUES (?, ?, ?, ?, ?)[0m  [["name", "Dynamo"], ["color", "red"], ["rank", 1], ["created_at", "2019-10-31 20:00:14.695882"], ["updated_at", "2019-10-31 20:00:14.695882"]]
  [1m[35m (12.0ms)[0m  [1m[36mcommit transaction[0m
  [1m[36mTeam Load (0.3ms)[0m  [1m[34mSELECT  "teams".* FROM "teams" LIMIT ?[0m  [["LIMIT", 11]]
Started GET "/teams/1" for ::1 at 2019-10-31 16:00:35 -0400
Processing by TeamsController#show as HTML
  Parameters: {"id"=>"1"}
Completed 500 Internal Server Error in 155ms (ActiveRecord: 0.0ms)


  
NameError (uninitialized constant TeamsController::Bird):
  
app/controllers/teams_controller.rb:15:in `show'
Started GET "/teams/1" for ::1 at 2019-10-31 16:00:57 -0400
Processing by TeamsController#show as HTML
  Parameters: {"id"=>"1"}
  [1m[36mTeam Load (0.3ms)[0m  [1m[34mSELECT  "teams".* FROM "teams" WHERE "teams"."id" = ? LIMIT ?[0m  [["id", 1], ["LIMIT", 1]]
  ↳ app/controllers/teams_controller.rb:15
Completed 500 Internal Server Error in 183ms (ActiveRecord: 1.1ms)


  
NameError (undefined local variable or method `bird' for #<TeamsController:0x00007fee02aa8a78>):
  
app/controllers/teams_controller.rb:16:in `show'
Started GET "/teams/1" for ::1 at 2019-10-31 16:01:08 -0400
Processing by TeamsController#show as HTML
  Parameters: {"id"=>"1"}
  [1m[36mTeam Load (0.2ms)[0m  [1m[34mSELECT  "teams".* FROM "teams" WHERE "teams"."id" = ? LIMIT ?[0m  [["id", 1], ["LIMIT", 1]]
  ↳ app/controllers/teams_controller.rb:15
Completed 200 OK in 36ms (Views: 18.4ms | ActiveRecord: 1.0ms)


Started GET "/teams/1" for ::1 at 2019-10-31 16:01:38 -0400
Processing by TeamsController#show as HTML
  Parameters: {"id"=>"1"}
  [1m[36mTeam Load (0.1ms)[0m  [1m[34mSELECT  "teams".* FROM "teams" WHERE "teams"."id" = ? LIMIT ?[0m  [["id", 1], ["LIMIT", 1]]
  ↳ app/controllers/teams_controller.rb:15
Completed 200 OK in 23ms (Views: 0.4ms | ActiveRecord: 0.7ms)


Started GET "/teams/1" for ::1 at 2019-10-31 16:01:44 -0400
Processing by TeamsController#show as HTML
  Parameters: {"id"=>"1"}
  [1m[36mTeam Load (0.1ms)[0m  [1m[34mSELECT  "teams".* FROM "teams" WHERE "teams"."id" = ? LIMIT ?[0m  [["id", 1], ["LIMIT", 1]]
  ↳ app/controllers/teams_controller.rb:15
Completed 200 OK in 1ms (Views: 0.3ms | ActiveRecord: 0.1ms)


  [1m[35m (0.2ms)[0m  [1m[36mbegin transaction[0m
  [1m[35m (0.1ms)[0m  [1m[31mrollback transaction[0m
  [1m[35m (0.4ms)[0m  [1m[34mSELECT "schema_migrations"."version" FROM "schema_migrations" ORDER BY "schema_migrations"."version" ASC[0m
  ↳ /Users/michael/.rvm/gems/ruby-2.6.1/bin/rake:23
Migrating to AddTeamIdToPlayers (20191031200518)
  [1m[35m (0.1ms)[0m  [1m[36mbegin transaction[0m
  ↳ /Users/michael/.rvm/gems/ruby-2.6.1/bin/rake:23
  [1m[35m (26.3ms)[0m  [1m[35mALTER TABLE "players" ADD "team_id" integer[0m
  ↳ db/migrate/20191031200518_add_team_id_to_players.rb:3
  [1m[36mActiveRecord::SchemaMigration Create (0.5ms)[0m  [1m[32mINSERT INTO "schema_migrations" ("version") VALUES (?)[0m  [["version", "20191031200518"]]
  ↳ /Users/michael/.rvm/gems/ruby-2.6.1/bin/rake:23
  [1m[35m (1.0ms)[0m  [1m[36mcommit transaction[0m
  ↳ /Users/michael/.rvm/gems/ruby-2.6.1/bin/rake:23
  [1m[36mActiveRecord::InternalMetadata Load (0.6ms)[0m  [1m[34mSELECT  "ar_internal_metadata".* FROM "ar_internal_metadata" WHERE "ar_internal_metadata"."key" = ? LIMIT ?[0m  [["key", "environment"], ["LIMIT", 1]]
  ↳ /Users/michael/.rvm/gems/ruby-2.6.1/bin/rake:23
  [1m[35m (0.1ms)[0m  [1m[36mbegin transaction[0m
  ↳ /Users/michael/.rvm/gems/ruby-2.6.1/bin/rake:23
  [1m[35m (0.0ms)[0m  [1m[36mcommit transaction[0m
  ↳ /Users/michael/.rvm/gems/ruby-2.6.1/bin/rake:23
  [1m[35m (0.1ms)[0m  [1m[34mSELECT "schema_migrations"."version" FROM "schema_migrations" ORDER BY "schema_migrations"."version" ASC[0m
  ↳ /Users/michael/.rvm/gems/ruby-2.6.1/bin/rake:23
  [1m[35m (0.7ms)[0m  [1m[36mbegin transaction[0m
  [1m[35m (0.1ms)[0m  [1m[31mrollback transaction[0m
Started GET "/teams/1/player/1" for ::1 at 2019-10-31 16:13:21 -0400
  [1m[35m (0.1ms)[0m  [1m[34mSELECT "schema_migrations"."version" FROM "schema_migrations" ORDER BY "schema_migrations"."version" ASC[0m
  ↳ /Users/michael/.rvm/gems/ruby-2.6.1/gems/activerecord-5.2.3/lib/active_record/log_subscriber.rb:98
  
ActionController::RoutingError (No route matches [GET] "/teams/1/player/1"):
  
actionpack (5.2.3) lib/action_dispatch/middleware/debug_exceptions.rb:65:in `call'
actionpack (5.2.3) lib/action_dispatch/middleware/show_exceptions.rb:33:in `call'
railties (5.2.3) lib/rails/rack/logger.rb:38:in `call_app'
railties (5.2.3) lib/rails/rack/logger.rb:26:in `block in call'
activesupport (5.2.3) lib/active_support/tagged_logging.rb:71:in `block in tagged'
activesupport (5.2.3) lib/active_support/tagged_logging.rb:28:in `tagged'
activesupport (5.2.3) lib/active_support/tagged_logging.rb:71:in `tagged'
railties (5.2.3) lib/rails/rack/logger.rb:26:in `call'
actionpack (5.2.3) lib/action_dispatch/middleware/remote_ip.rb:81:in `call'
actionpack (5.2.3) lib/action_dispatch/middleware/request_id.rb:27:in `call'
rack (2.0.7) lib/rack/runtime.rb:22:in `call'
activesupport (5.2.3) lib/active_support/cache/strategy/local_cache_middleware.rb:29:in `call'
actionpack (5.2.3) lib/action_dispatch/middleware/executor.rb:14:in `call'
actionpack (5.2.3) lib/action_dispatch/middleware/static.rb:127:in `call'
rack (2.0.7) lib/rack/sendfile.rb:111:in `call'
railties (5.2.3) lib/rails/engine.rb:524:in `call'
puma (3.12.1) lib/puma/configuration.rb:227:in `call'
puma (3.12.1) lib/puma/server.rb:660:in `handle_request'
puma (3.12.1) lib/puma/server.rb:474:in `process_client'
puma (3.12.1) lib/puma/server.rb:334:in `block in run'
puma (3.12.1) lib/puma/thread_pool.rb:135:in `block in spawn_thread'
Started GET "/teams/1/players/1" for ::1 at 2019-10-31 16:13:42 -0400
Processing by PlayersController#show as HTML
  Parameters: {"team_id"=>"1", "id"=>"1"}
  [1m[36mPlayer Load (16.7ms)[0m  [1m[34mSELECT  "players".* FROM "players" WHERE "players"."id" = ? LIMIT ?[0m  [["id", 1], ["LIMIT", 1]]
  ↳ app/controllers/players_controller.rb:34
Completed 404 Not Found in 27ms (Views: 0.6ms | ActiveRecord: 17.8ms)


  [1m[35m (0.8ms)[0m  [1m[36mbegin transaction[0m
  [1m[35m (0.1ms)[0m  [1m[31mrollback transaction[0m
Started GET "/teams/1/players/1" for ::1 at 2019-10-31 16:14:08 -0400
Processing by PlayersController#show as HTML
  Parameters: {"team_id"=>"1", "id"=>"1"}
  [1m[36mPlayer Load (0.1ms)[0m  [1m[34mSELECT  "players".* FROM "players" WHERE "players"."id" = ? LIMIT ?[0m  [["id", 1], ["LIMIT", 1]]
  ↳ app/controllers/players_controller.rb:34
Completed 404 Not Found in 1ms (Views: 0.2ms | ActiveRecord: 0.1ms)


Started GET "/teams/1/players/1" for ::1 at 2019-10-31 16:14:09 -0400
Processing by PlayersController#show as HTML
  Parameters: {"team_id"=>"1", "id"=>"1"}
  [1m[36mPlayer Load (0.1ms)[0m  [1m[34mSELECT  "players".* FROM "players" WHERE "players"."id" = ? LIMIT ?[0m  [["id", 1], ["LIMIT", 1]]
  ↳ app/controllers/players_controller.rb:34
Completed 404 Not Found in 1ms (Views: 0.1ms | ActiveRecord: 0.1ms)


Started GET "/teams/1" for ::1 at 2019-10-31 16:25:58 -0400
Processing by TeamsController#show as HTML
  Parameters: {"id"=>"1"}
  [1m[36mTeam Load (0.2ms)[0m  [1m[34mSELECT  "teams".* FROM "teams" WHERE "teams"."id" = ? LIMIT ?[0m  [["id", 1], ["LIMIT", 1]]
  ↳ app/controllers/teams_controller.rb:15
Completed 200 OK in 23ms (Views: 0.4ms | ActiveRecord: 0.9ms)


Started GET "/teams/1" for ::1 at 2019-10-31 16:26:04 -0400
Processing by TeamsController#show as HTML
  Parameters: {"id"=>"1"}
  [1m[36mTeam Load (0.1ms)[0m  [1m[34mSELECT  "teams".* FROM "teams" WHERE "teams"."id" = ? LIMIT ?[0m  [["id", 1], ["LIMIT", 1]]
  ↳ app/controllers/teams_controller.rb:15
Completed 200 OK in 1ms (Views: 0.2ms | ActiveRecord: 0.1ms)


Started GET "/teams/1" for ::1 at 2019-10-31 16:27:49 -0400
Processing by TeamsController#show as HTML
  Parameters: {"id"=>"1"}
  [1m[36mTeam Load (0.2ms)[0m  [1m[34mSELECT  "teams".* FROM "teams" WHERE "teams"."id" = ? LIMIT ?[0m  [["id", 1], ["LIMIT", 1]]
  ↳ app/controllers/teams_controller.rb:15
Completed 200 OK in 19ms (Views: 0.5ms | ActiveRecord: 1.0ms)


Started GET "/" for ::1 at 2019-10-31 16:27:54 -0400
Processing by Rails::WelcomeController#index as HTML
  Rendering /Users/michael/.rvm/gems/ruby-2.6.1/gems/railties-5.2.3/lib/rails/templates/rails/welcome/index.html.erb
  Rendered /Users/michael/.rvm/gems/ruby-2.6.1/gems/railties-5.2.3/lib/rails/templates/rails/welcome/index.html.erb (20.4ms)
Completed 200 OK in 100ms (Views: 22.0ms | ActiveRecord: 0.0ms)


Started GET "/" for ::1 at 2019-10-31 16:27:56 -0400
Processing by Rails::WelcomeController#index as HTML
  Rendering /Users/michael/.rvm/gems/ruby-2.6.1/gems/railties-5.2.3/lib/rails/templates/rails/welcome/index.html.erb
  Rendered /Users/michael/.rvm/gems/ruby-2.6.1/gems/railties-5.2.3/lib/rails/templates/rails/welcome/index.html.erb (2.9ms)
Completed 200 OK in 5ms (Views: 3.9ms | ActiveRecord: 0.0ms)


  [1m[35m (39.3ms)[0m  [1m[36mbegin transaction[0m
  [1m[35m (0.1ms)[0m  [1m[31mrollback transaction[0m
  [1m[35m (0.1ms)[0m  [1m[36mbegin transaction[0m
  [1m[35m (0.1ms)[0m  [1m[31mrollback transaction[0m
Started GET "/teams" for ::1 at 2019-10-31 16:53:34 -0400
Processing by TeamsController#index as HTML
  [1m[36mTeam Load (92.2ms)[0m  [1m[34mSELECT "teams".* FROM "teams"[0m
  ↳ app/controllers/teams_controller.rb:6
Completed 200 OK in 318ms (Views: 93.3ms | ActiveRecord: 93.2ms)


Started GET "/teams/1" for ::1 at 2019-10-31 16:53:41 -0400
Processing by TeamsController#show as HTML
  Parameters: {"id"=>"1"}
  [1m[36mTeam Load (11.7ms)[0m  [1m[34mSELECT  "teams".* FROM "teams" WHERE "teams"."id" = ? LIMIT ?[0m  [["id", 1], ["LIMIT", 1]]
  ↳ app/controllers/teams_controller.rb:15
Completed 200 OK in 14ms (Views: 0.2ms | ActiveRecord: 11.7ms)


Started GET "/teams/1/players/1" for ::1 at 2019-10-31 16:53:55 -0400
  
ActionController::RoutingError (undefined local variable or method `bird' for PlayersController:Class):
  
app/controllers/players_controller.rb:19:in `<class:PlayersController>'
app/controllers/players_controller.rb:1:in `<main>'
Started GET "/teams/1/players/1" for ::1 at 2019-10-31 16:54:21 -0400
Processing by PlayersController#show as HTML
  Parameters: {"team_id"=>"1", "id"=>"1"}
  [1m[36mPlayer Load (52.0ms)[0m  [1m[34mSELECT  "players".* FROM "players" WHERE "players"."id" = ? LIMIT ?[0m  [["id", 1], ["LIMIT", 1]]
  ↳ app/controllers/players_controller.rb:35
Completed 404 Not Found in 186ms (Views: 0.2ms | ActiveRecord: 52.7ms)


  [1m[35m (0.1ms)[0m  [1m[36mbegin transaction[0m
  [1m[35m (0.1ms)[0m  [1m[31mrollback transaction[0m
  [1m[35m (0.1ms)[0m  [1m[36mbegin transaction[0m
  [1m[35m (0.1ms)[0m  [1m[31mrollback transaction[0m
  [1m[35m (0.1ms)[0m  [1m[36mbegin transaction[0m
  [1m[35m (0.1ms)[0m  [1m[31mrollback transaction[0m
  [1m[35m (0.1ms)[0m  [1m[36mbegin transaction[0m
  [1m[35m (0.1ms)[0m  [1m[31mrollback transaction[0m
  [1m[35m (0.1ms)[0m  [1m[36mbegin transaction[0m
  [1m[35m (0.1ms)[0m  [1m[31mrollback transaction[0m
  [1m[35m (0.1ms)[0m  [1m[36mbegin transaction[0m
  [1m[35m (0.1ms)[0m  [1m[31mrollback transaction[0m
  [1m[35m (0.2ms)[0m  [1m[36mbegin transaction[0m
  [1m[35m (0.1ms)[0m  [1m[31mrollback transaction[0m
  [1m[35m (0.1ms)[0m  [1m[36mbegin transaction[0m
  [1m[35m (0.1ms)[0m  [1m[31mrollback transaction[0m
  [1m[35m (0.1ms)[0m  [1m[36mbegin transaction[0m
  [1m[35m (0.1ms)[0m  [1m[31mrollback transaction[0m
  [1m[35m (0.1ms)[0m  [1m[36mbegin transaction[0m
  [1m[35m (0.1ms)[0m  [1m[31mrollback transaction[0m
  [1m[35m (0.1ms)[0m  [1m[36mbegin transaction[0m
  [1m[35m (0.0ms)[0m  [1m[31mrollback transaction[0m
  [1m[35m (0.8ms)[0m  [1m[36mbegin transaction[0m
  [1m[35m (0.1ms)[0m  [1m[31mrollback transaction[0m
  [1m[35m (0.1ms)[0m  [1m[36mbegin transaction[0m
  [1m[35m (0.1ms)[0m  [1m[31mrollback transaction[0m
  [1m[35m (0.1ms)[0m  [1m[36mbegin transaction[0m
  [1m[35m (0.1ms)[0m  [1m[31mrollback transaction[0m
Started GET "/teams/1/players/1" for ::1 at 2019-10-31 17:49:12 -0400
  
SyntaxError (/Users/michael/teamup-sports-api/app/controllers/players_controller.rb:48: syntax error, unexpected end-of-input, expecting end):
  
app/controllers/players_controller.rb:48: syntax error, unexpected end-of-input, expecting end
Started GET "/teams/1/players/1" for ::1 at 2019-10-31 17:49:41 -0400
Processing by PlayersController#show as HTML
  Parameters: {"team_id"=>"1", "id"=>"1"}
  [1m[36mPlayer Load (53.6ms)[0m  [1m[34mSELECT  "players".* FROM "players" WHERE "players"."id" = ? LIMIT ?[0m  [["id", 1], ["LIMIT", 1]]
  ↳ app/controllers/players_controller.rb:21
Completed 200 OK in 612ms (Views: 61.8ms | ActiveRecord: 160.5ms)


Started GET "/teams/1/players/1" for ::1 at 2019-10-31 17:49:43 -0400
Processing by PlayersController#show as HTML
  Parameters: {"team_id"=>"1", "id"=>"1"}
  [1m[36mPlayer Load (0.1ms)[0m  [1m[34mSELECT  "players".* FROM "players" WHERE "players"."id" = ? LIMIT ?[0m  [["id", 1], ["LIMIT", 1]]
  ↳ app/controllers/players_controller.rb:21
Completed 200 OK in 1ms (Views: 0.2ms | ActiveRecord: 0.1ms)


Started GET "/teams/1" for ::1 at 2019-10-31 17:49:53 -0400
Processing by TeamsController#show as HTML
  Parameters: {"id"=>"1"}
  [1m[36mTeam Load (48.9ms)[0m  [1m[34mSELECT  "teams".* FROM "teams" WHERE "teams"."id" = ? LIMIT ?[0m  [["id", 1], ["LIMIT", 1]]
  ↳ app/controllers/teams_controller.rb:15
Completed 200 OK in 232ms (Views: 0.3ms | ActiveRecord: 50.0ms)


Started GET "/" for ::1 at 2019-11-01 09:17:25 -0400
  [1m[35m (0.4ms)[0m  [1m[34mSELECT "schema_migrations"."version" FROM "schema_migrations" ORDER BY "schema_migrations"."version" ASC[0m
  ↳ /Users/michael/.rvm/gems/ruby-2.6.1/gems/activerecord-5.2.3/lib/active_record/log_subscriber.rb:98
Processing by Rails::WelcomeController#index as HTML
  Rendering /Users/michael/.rvm/gems/ruby-2.6.1/gems/railties-5.2.3/lib/rails/templates/rails/welcome/index.html.erb
  Rendered /Users/michael/.rvm/gems/ruby-2.6.1/gems/railties-5.2.3/lib/rails/templates/rails/welcome/index.html.erb (6.4ms)
Completed 200 OK in 54ms (Views: 32.6ms | ActiveRecord: 0.0ms)


Started GET "/teams" for ::1 at 2019-11-01 09:17:31 -0400
Processing by TeamsController#index as HTML
Completed 500 Internal Server Error in 129ms (ActiveRecord: 0.0ms)


  
NameError (uninitialized constant ActiveModel::Serializer):
  
app/serializers/team_serializer.rb:1:in `<main>'
app/controllers/teams_controller.rb:6:in `index'
Started GET "/teams/1" for ::1 at 2019-11-01 09:18:13 -0400
Processing by TeamsController#show as HTML
  Parameters: {"id"=>"1"}
  [1m[36mTeam Load (18.1ms)[0m  [1m[34mSELECT  "teams".* FROM "teams" WHERE "teams"."id" = ? LIMIT ?[0m  [["id", 1], ["LIMIT", 1]]
  ↳ app/controllers/teams_controller.rb:15
Completed 500 Internal Server Error in 111ms (ActiveRecord: 18.9ms)


  
NameError (uninitialized constant ActiveModel::Serializer):
  
app/serializers/team_serializer.rb:1:in `<main>'
app/controllers/teams_controller.rb:16:in `show'
Started GET "/teams" for ::1 at 2019-11-01 09:24:25 -0400
Processing by TeamsController#index as HTML
Completed 500 Internal Server Error in 8ms (ActiveRecord: 0.0ms)


  
SyntaxError (/Users/michael/teamup-sports-api/backend/app/serializers/team_serializer.rb:13: syntax error, unexpected ')', expecting =>
    }, :player)
              ^
/Users/michael/teamup-sports-api/backend/app/serializers/team_serializer.rb:17: syntax error, unexpected end-of-input, expecting end):
  
app/serializers/team_serializer.rb:13: syntax error, unexpected ')', expecting =>
app/serializers/team_serializer.rb:17: syntax error, unexpected end-of-input, expecting end
app/controllers/teams_controller.rb:6:in `index'
Started GET "/teams" for ::1 at 2019-11-01 09:24:54 -0400
Processing by TeamsController#index as HTML
  [1m[36mTeam Load (13.7ms)[0m  [1m[34mSELECT "teams".* FROM "teams"[0m
  ↳ app/serializers/team_serializer.rb:11
Completed 500 Internal Server Error in 48ms (ActiveRecord: 14.5ms)


  
NoMethodError (undefined method `only' for #<Team:0x00007f92722736a0>):
  
app/serializers/team_serializer.rb:11:in `to_serialized_json'
app/controllers/teams_controller.rb:6:in `index'
Started GET "/teams" for ::1 at 2019-11-01 09:25:13 -0400
Processing by TeamsController#index as HTML
Completed 500 Internal Server Error in 13ms (ActiveRecord: 0.0ms)


  
SyntaxError (/Users/michael/teamup-sports-api/backend/app/serializers/team_serializer.rb:12: syntax error, unexpected =>
      only: => [:name, :color, :rank]
            ^~
/Users/michael/teamup-sports-api/backend/app/serializers/team_serializer.rb:13: syntax error, unexpected '}', expecting end
    })
    ^
/Users/michael/teamup-sports-api/backend/app/serializers/team_serializer.rb:17: syntax error, unexpected end-of-input, expecting end):
  
app/serializers/team_serializer.rb:12: syntax error, unexpected =>
app/serializers/team_serializer.rb:13: syntax error, unexpected '}', expecting end
app/serializers/team_serializer.rb:17: syntax error, unexpected end-of-input, expecting end
app/controllers/teams_controller.rb:6:in `index'
Started GET "/teams" for ::1 at 2019-11-01 09:25:53 -0400
Processing by TeamsController#index as HTML
  [1m[36mTeam Load (6.0ms)[0m  [1m[34mSELECT "teams".* FROM "teams"[0m
  ↳ app/serializers/team_serializer.rb:11
Completed 500 Internal Server Error in 35ms (ActiveRecord: 7.1ms)


  
NoMethodError (undefined method `serializable_hash' for "Dynamo":String):
  
app/serializers/team_serializer.rb:11:in `to_serialized_json'
app/controllers/teams_controller.rb:6:in `index'
Started GET "/teams" for ::1 at 2019-11-01 09:27:25 -0400
Processing by TeamsController#index as HTML
Completed 200 OK in 39ms (Views: 18.6ms | ActiveRecord: 0.0ms)


Started GET "/teams/1" for ::1 at 2019-11-01 09:27:32 -0400
Processing by TeamsController#show as HTML
  Parameters: {"id"=>"1"}
  [1m[36mTeam Load (54.0ms)[0m  [1m[34mSELECT  "teams".* FROM "teams" WHERE "teams"."id" = ? LIMIT ?[0m  [["id", 1], ["LIMIT", 1]]
  ↳ app/controllers/teams_controller.rb:15
Completed 200 OK in 64ms (Views: 0.2ms | ActiveRecord: 54.9ms)


  [1m[36mTeam Load (1.2ms)[0m  [1m[34mSELECT  "teams".* FROM "teams" LIMIT ?[0m  [["LIMIT", 11]]
Started GET "/" for ::1 at 2019-11-01 09:28:32 -0400
Processing by Rails::WelcomeController#index as HTML
  Rendering /Users/michael/.rvm/gems/ruby-2.6.1/gems/railties-5.2.3/lib/rails/templates/rails/welcome/index.html.erb
  Rendered /Users/michael/.rvm/gems/ruby-2.6.1/gems/railties-5.2.3/lib/rails/templates/rails/welcome/index.html.erb (4.4ms)
Completed 200 OK in 42ms (Views: 6.2ms | ActiveRecord: 0.0ms)


Started GET "/teams" for ::1 at 2019-11-01 09:28:37 -0400
Processing by TeamsController#index as HTML
Completed 200 OK in 1ms (Views: 0.3ms | ActiveRecord: 0.0ms)


Started GET "/teams" for ::1 at 2019-11-01 09:29:00 -0400
Processing by TeamsController#index as HTML
  [1m[36mTeam Load (21.6ms)[0m  [1m[34mSELECT "teams".* FROM "teams"[0m
  ↳ app/controllers/teams_controller.rb:6
  [1m[35m (14.0ms)[0m  [1m[34mSELECT "players"."id" FROM "players" WHERE "players"."team_id" = ?[0m  [["team_id", 1]]
  ↳ app/controllers/teams_controller.rb:6
Completed 200 OK in 186ms (Views: 142.4ms | ActiveRecord: 37.0ms)


  [1m[35m (0.2ms)[0m  [1m[36mbegin transaction[0m
  [1m[35m (0.1ms)[0m  [1m[31mrollback transaction[0m
  [1m[35m (0.1ms)[0m  [1m[36mbegin transaction[0m
  [1m[36mTeam Load (0.3ms)[0m  [1m[34mSELECT  "teams".* FROM "teams" WHERE "teams"."id" = ? LIMIT ?[0m  [["id", 1], ["LIMIT", 1]]
  [1m[36mPlayer Create (27.5ms)[0m  [1m[32mINSERT INTO "players" ("name", "position", "number", "captain", "hometown", "created_at", "updated_at", "team_id") VALUES (?, ?, ?, ?, ?, ?, ?, ?)[0m  [["name", "Michael"], ["position", "striker"], ["number", 5], ["captain", 1], ["hometown", "sparta"], ["created_at", "2019-11-01 13:40:00.245255"], ["updated_at", "2019-11-01 13:40:00.245255"], ["team_id", 1]]
  [1m[35m (1.7ms)[0m  [1m[36mcommit transaction[0m
Started GET "/teams" for ::1 at 2019-11-01 09:40:06 -0400
Processing by TeamsController#index as HTML
  [1m[36mTeam Load (0.3ms)[0m  [1m[34mSELECT "teams".* FROM "teams"[0m
  ↳ app/controllers/teams_controller.rb:6
  [1m[35m (0.1ms)[0m  [1m[34mSELECT "players"."id" FROM "players" WHERE "players"."team_id" = ?[0m  [["team_id", 1]]
  ↳ app/controllers/teams_controller.rb:6
Completed 200 OK in 40ms (Views: 26.9ms | ActiveRecord: 2.0ms)


Started GET "/teams/1" for ::1 at 2019-11-01 09:40:13 -0400
Processing by TeamsController#show as HTML
  Parameters: {"id"=>"1"}
  [1m[36mTeam Load (0.4ms)[0m  [1m[34mSELECT  "teams".* FROM "teams" WHERE "teams"."id" = ? LIMIT ?[0m  [["id", 1], ["LIMIT", 1]]
  ↳ app/controllers/teams_controller.rb:15
  [1m[35m (0.3ms)[0m  [1m[34mSELECT "players"."id" FROM "players" WHERE "players"."team_id" = ?[0m  [["team_id", 1]]
  ↳ app/controllers/teams_controller.rb:16
Completed 200 OK in 8ms (Views: 1.8ms | ActiveRecord: 0.8ms)


Started GET "/teams/1/players/1" for ::1 at 2019-11-01 09:40:20 -0400
  
ActionController::RoutingError (No route matches [GET] "/teams/1/players/1"):
  
actionpack (5.2.3) lib/action_dispatch/middleware/debug_exceptions.rb:65:in `call'
actionpack (5.2.3) lib/action_dispatch/middleware/show_exceptions.rb:33:in `call'
railties (5.2.3) lib/rails/rack/logger.rb:38:in `call_app'
railties (5.2.3) lib/rails/rack/logger.rb:26:in `block in call'
activesupport (5.2.3) lib/active_support/tagged_logging.rb:71:in `block in tagged'
activesupport (5.2.3) lib/active_support/tagged_logging.rb:28:in `tagged'
activesupport (5.2.3) lib/active_support/tagged_logging.rb:71:in `tagged'
railties (5.2.3) lib/rails/rack/logger.rb:26:in `call'
actionpack (5.2.3) lib/action_dispatch/middleware/remote_ip.rb:81:in `call'
actionpack (5.2.3) lib/action_dispatch/middleware/request_id.rb:27:in `call'
rack (2.0.7) lib/rack/runtime.rb:22:in `call'
activesupport (5.2.3) lib/active_support/cache/strategy/local_cache_middleware.rb:29:in `call'
actionpack (5.2.3) lib/action_dispatch/middleware/executor.rb:14:in `call'
actionpack (5.2.3) lib/action_dispatch/middleware/static.rb:127:in `call'
rack (2.0.7) lib/rack/sendfile.rb:111:in `call'
rack-cors (1.0.3) lib/rack/cors.rb:95:in `call'
railties (5.2.3) lib/rails/engine.rb:524:in `call'
puma (3.12.1) lib/puma/configuration.rb:227:in `call'
puma (3.12.1) lib/puma/server.rb:660:in `handle_request'
puma (3.12.1) lib/puma/server.rb:474:in `process_client'
puma (3.12.1) lib/puma/server.rb:334:in `block in run'
puma (3.12.1) lib/puma/thread_pool.rb:135:in `block in spawn_thread'
Started GET "/players/1" for ::1 at 2019-11-01 09:40:46 -0400
Processing by PlayersController#show as HTML
  Parameters: {"id"=>"1"}
  [1m[36mPlayer Load (0.2ms)[0m  [1m[34mSELECT  "players".* FROM "players" WHERE "players"."id" = ? LIMIT ?[0m  [["id", 1], ["LIMIT", 1]]
  ↳ app/controllers/players_controller.rb:20
Completed 500 Internal Server Error in 113ms (ActiveRecord: 0.2ms)


  
NameError (uninitialized constant ActiveModel::Serializer):
  
app/serializers/player_serializer.rb:1:in `<main>'
app/controllers/players_controller.rb:21:in `show'
Started GET "/players/1" for ::1 at 2019-11-01 09:42:42 -0400
Processing by PlayersController#show as HTML
  Parameters: {"id"=>"1"}
  [1m[36mPlayer Load (0.2ms)[0m  [1m[34mSELECT  "players".* FROM "players" WHERE "players"."id" = ? LIMIT ?[0m  [["id", 1], ["LIMIT", 1]]
  ↳ app/controllers/players_controller.rb:20
Completed 500 Internal Server Error in 64ms (ActiveRecord: 1.1ms)


  
NameError (uninitialized constant ActiveModel::Serializer):
  
app/serializers/player_serializer.rb:1:in `<main>'
app/controllers/players_controller.rb:21:in `show'
Started GET "/players/1" for ::1 at 2019-11-01 09:42:45 -0400
Processing by PlayersController#show as HTML
  Parameters: {"id"=>"1"}
  [1m[36mPlayer Load (0.1ms)[0m  [1m[34mSELECT  "players".* FROM "players" WHERE "players"."id" = ? LIMIT ?[0m  [["id", 1], ["LIMIT", 1]]
  ↳ app/controllers/players_controller.rb:20
Completed 500 Internal Server Error in 2ms (ActiveRecord: 0.1ms)


  
NameError (uninitialized constant ActiveModel::Serializer):
  
app/serializers/player_serializer.rb:1:in `<main>'
app/controllers/players_controller.rb:21:in `show'
Started GET "/teams" for ::1 at 2019-11-01 09:42:49 -0400
Processing by TeamsController#index as HTML
  [1m[36mTeam Load (0.2ms)[0m  [1m[34mSELECT "teams".* FROM "teams"[0m
  ↳ app/controllers/teams_controller.rb:6
  [1m[35m (0.2ms)[0m  [1m[34mSELECT "players"."id" FROM "players" WHERE "players"."team_id" = ?[0m  [["team_id", 1]]
  ↳ app/controllers/teams_controller.rb:6
Completed 200 OK in 39ms (Views: 9.1ms | ActiveRecord: 1.0ms)


Started GET "/teams/1" for ::1 at 2019-11-01 09:42:53 -0400
Processing by TeamsController#show as HTML
  Parameters: {"id"=>"1"}
  [1m[36mTeam Load (0.2ms)[0m  [1m[34mSELECT  "teams".* FROM "teams" WHERE "teams"."id" = ? LIMIT ?[0m  [["id", 1], ["LIMIT", 1]]
  ↳ app/controllers/teams_controller.rb:15
  [1m[35m (0.1ms)[0m  [1m[34mSELECT "players"."id" FROM "players" WHERE "players"."team_id" = ?[0m  [["team_id", 1]]
  ↳ app/controllers/teams_controller.rb:16
Completed 200 OK in 2ms (Views: 1.0ms | ActiveRecord: 0.3ms)


Started GET "/teams/1/players" for ::1 at 2019-11-01 09:42:58 -0400
  
ActionController::RoutingError (No route matches [GET] "/teams/1/players"):
  
actionpack (5.2.3) lib/action_dispatch/middleware/debug_exceptions.rb:65:in `call'
actionpack (5.2.3) lib/action_dispatch/middleware/show_exceptions.rb:33:in `call'
railties (5.2.3) lib/rails/rack/logger.rb:38:in `call_app'
railties (5.2.3) lib/rails/rack/logger.rb:26:in `block in call'
activesupport (5.2.3) lib/active_support/tagged_logging.rb:71:in `block in tagged'
activesupport (5.2.3) lib/active_support/tagged_logging.rb:28:in `tagged'
activesupport (5.2.3) lib/active_support/tagged_logging.rb:71:in `tagged'
railties (5.2.3) lib/rails/rack/logger.rb:26:in `call'
actionpack (5.2.3) lib/action_dispatch/middleware/remote_ip.rb:81:in `call'
actionpack (5.2.3) lib/action_dispatch/middleware/request_id.rb:27:in `call'
rack (2.0.7) lib/rack/runtime.rb:22:in `call'
activesupport (5.2.3) lib/active_support/cache/strategy/local_cache_middleware.rb:29:in `call'
actionpack (5.2.3) lib/action_dispatch/middleware/executor.rb:14:in `call'
actionpack (5.2.3) lib/action_dispatch/middleware/static.rb:127:in `call'
rack (2.0.7) lib/rack/sendfile.rb:111:in `call'
rack-cors (1.0.3) lib/rack/cors.rb:95:in `call'
railties (5.2.3) lib/rails/engine.rb:524:in `call'
puma (3.12.1) lib/puma/configuration.rb:227:in `call'
puma (3.12.1) lib/puma/server.rb:660:in `handle_request'
puma (3.12.1) lib/puma/server.rb:474:in `process_client'
puma (3.12.1) lib/puma/server.rb:334:in `block in run'
puma (3.12.1) lib/puma/thread_pool.rb:135:in `block in spawn_thread'
Started GET "/teams/1/players" for ::1 at 2019-11-01 09:43:40 -0400
  [1m[35m (0.2ms)[0m  [1m[34mSELECT "schema_migrations"."version" FROM "schema_migrations" ORDER BY "schema_migrations"."version" ASC[0m
  ↳ /Users/michael/.rvm/gems/ruby-2.6.1/gems/activerecord-5.2.3/lib/active_record/log_subscriber.rb:98
  
ActionController::RoutingError (No route matches [GET] "/teams/1/players"):
  
actionpack (5.2.3) lib/action_dispatch/middleware/debug_exceptions.rb:65:in `call'
actionpack (5.2.3) lib/action_dispatch/middleware/show_exceptions.rb:33:in `call'
railties (5.2.3) lib/rails/rack/logger.rb:38:in `call_app'
railties (5.2.3) lib/rails/rack/logger.rb:26:in `block in call'
activesupport (5.2.3) lib/active_support/tagged_logging.rb:71:in `block in tagged'
activesupport (5.2.3) lib/active_support/tagged_logging.rb:28:in `tagged'
activesupport (5.2.3) lib/active_support/tagged_logging.rb:71:in `tagged'
railties (5.2.3) lib/rails/rack/logger.rb:26:in `call'
actionpack (5.2.3) lib/action_dispatch/middleware/remote_ip.rb:81:in `call'
actionpack (5.2.3) lib/action_dispatch/middleware/request_id.rb:27:in `call'
rack (2.0.7) lib/rack/runtime.rb:22:in `call'
activesupport (5.2.3) lib/active_support/cache/strategy/local_cache_middleware.rb:29:in `call'
actionpack (5.2.3) lib/action_dispatch/middleware/executor.rb:14:in `call'
actionpack (5.2.3) lib/action_dispatch/middleware/static.rb:127:in `call'
rack (2.0.7) lib/rack/sendfile.rb:111:in `call'
rack-cors (1.0.3) lib/rack/cors.rb:95:in `call'
railties (5.2.3) lib/rails/engine.rb:524:in `call'
puma (3.12.1) lib/puma/configuration.rb:227:in `call'
puma (3.12.1) lib/puma/server.rb:660:in `handle_request'
puma (3.12.1) lib/puma/server.rb:474:in `process_client'
puma (3.12.1) lib/puma/server.rb:334:in `block in run'
puma (3.12.1) lib/puma/thread_pool.rb:135:in `block in spawn_thread'
Started GET "/teams/1/players" for ::1 at 2019-11-01 09:43:42 -0400
  
ActionController::RoutingError (No route matches [GET] "/teams/1/players"):
  
actionpack (5.2.3) lib/action_dispatch/middleware/debug_exceptions.rb:65:in `call'
actionpack (5.2.3) lib/action_dispatch/middleware/show_exceptions.rb:33:in `call'
railties (5.2.3) lib/rails/rack/logger.rb:38:in `call_app'
railties (5.2.3) lib/rails/rack/logger.rb:26:in `block in call'
activesupport (5.2.3) lib/active_support/tagged_logging.rb:71:in `block in tagged'
activesupport (5.2.3) lib/active_support/tagged_logging.rb:28:in `tagged'
activesupport (5.2.3) lib/active_support/tagged_logging.rb:71:in `tagged'
railties (5.2.3) lib/rails/rack/logger.rb:26:in `call'
actionpack (5.2.3) lib/action_dispatch/middleware/remote_ip.rb:81:in `call'
actionpack (5.2.3) lib/action_dispatch/middleware/request_id.rb:27:in `call'
rack (2.0.7) lib/rack/runtime.rb:22:in `call'
activesupport (5.2.3) lib/active_support/cache/strategy/local_cache_middleware.rb:29:in `call'
actionpack (5.2.3) lib/action_dispatch/middleware/executor.rb:14:in `call'
actionpack (5.2.3) lib/action_dispatch/middleware/static.rb:127:in `call'
rack (2.0.7) lib/rack/sendfile.rb:111:in `call'
rack-cors (1.0.3) lib/rack/cors.rb:95:in `call'
railties (5.2.3) lib/rails/engine.rb:524:in `call'
puma (3.12.1) lib/puma/configuration.rb:227:in `call'
puma (3.12.1) lib/puma/server.rb:660:in `handle_request'
puma (3.12.1) lib/puma/server.rb:474:in `process_client'
puma (3.12.1) lib/puma/server.rb:334:in `block in run'
puma (3.12.1) lib/puma/thread_pool.rb:135:in `block in spawn_thread'
Started GET "/teams/1" for ::1 at 2019-11-01 09:43:45 -0400
Processing by TeamsController#show as HTML
  Parameters: {"id"=>"1"}
  [1m[36mTeam Load (0.3ms)[0m  [1m[34mSELECT  "teams".* FROM "teams" WHERE "teams"."id" = ? LIMIT ?[0m  [["id", 1], ["LIMIT", 1]]
  ↳ app/controllers/teams_controller.rb:15
  [1m[35m (0.1ms)[0m  [1m[34mSELECT "players"."id" FROM "players" WHERE "players"."team_id" = ?[0m  [["team_id", 1]]
  ↳ app/controllers/teams_controller.rb:16
Completed 200 OK in 282ms (Views: 145.9ms | ActiveRecord: 1.7ms)


Started GET "/teams" for ::1 at 2019-11-01 09:43:48 -0400
Processing by TeamsController#index as HTML
  [1m[36mTeam Load (0.2ms)[0m  [1m[34mSELECT "teams".* FROM "teams"[0m
  ↳ app/controllers/teams_controller.rb:6
  [1m[35m (0.1ms)[0m  [1m[34mSELECT "players"."id" FROM "players" WHERE "players"."team_id" = ?[0m  [["team_id", 1]]
  ↳ app/controllers/teams_controller.rb:6
Completed 200 OK in 3ms (Views: 2.1ms | ActiveRecord: 0.3ms)


Started GET "/players" for ::1 at 2019-11-01 09:43:53 -0400
Processing by PlayersController#index as HTML
Completed 500 Internal Server Error in 2ms (ActiveRecord: 0.0ms)


  
NameError (uninitialized constant ActiveModel::Serializer):
  
app/serializers/player_serializer.rb:1:in `<main>'
app/controllers/players_controller.rb:6:in `index'
Started GET "/players" for ::1 at 2019-11-01 09:44:08 -0400
Processing by PlayersController#index as HTML
  [1m[36mPlayer Load (0.2ms)[0m  [1m[34mSELECT "players".* FROM "players"[0m
  ↳ app/controllers/players_controller.rb:6
Completed 200 OK in 31ms (Views: 12.0ms | ActiveRecord: 1.1ms)


Started GET "/teams/1" for ::1 at 2019-11-01 09:44:22 -0400
Processing by TeamsController#show as HTML
  Parameters: {"id"=>"1"}
  [1m[36mTeam Load (0.2ms)[0m  [1m[34mSELECT  "teams".* FROM "teams" WHERE "teams"."id" = ? LIMIT ?[0m  [["id", 1], ["LIMIT", 1]]
  ↳ app/controllers/teams_controller.rb:15
  [1m[35m (0.2ms)[0m  [1m[34mSELECT "players"."id" FROM "players" WHERE "players"."team_id" = ?[0m  [["team_id", 1]]
  ↳ app/controllers/teams_controller.rb:16
Completed 200 OK in 31ms (Views: 1.7ms | ActiveRecord: 1.2ms)


Started GET "/teams/1/players" for ::1 at 2019-11-01 09:44:27 -0400
  
ActionController::RoutingError (No route matches [GET] "/teams/1/players"):
  
actionpack (5.2.3) lib/action_dispatch/middleware/debug_exceptions.rb:65:in `call'
actionpack (5.2.3) lib/action_dispatch/middleware/show_exceptions.rb:33:in `call'
railties (5.2.3) lib/rails/rack/logger.rb:38:in `call_app'
railties (5.2.3) lib/rails/rack/logger.rb:26:in `block in call'
activesupport (5.2.3) lib/active_support/tagged_logging.rb:71:in `block in tagged'
activesupport (5.2.3) lib/active_support/tagged_logging.rb:28:in `tagged'
activesupport (5.2.3) lib/active_support/tagged_logging.rb:71:in `tagged'
railties (5.2.3) lib/rails/rack/logger.rb:26:in `call'
actionpack (5.2.3) lib/action_dispatch/middleware/remote_ip.rb:81:in `call'
actionpack (5.2.3) lib/action_dispatch/middleware/request_id.rb:27:in `call'
rack (2.0.7) lib/rack/runtime.rb:22:in `call'
activesupport (5.2.3) lib/active_support/cache/strategy/local_cache_middleware.rb:29:in `call'
actionpack (5.2.3) lib/action_dispatch/middleware/executor.rb:14:in `call'
actionpack (5.2.3) lib/action_dispatch/middleware/static.rb:127:in `call'
rack (2.0.7) lib/rack/sendfile.rb:111:in `call'
rack-cors (1.0.3) lib/rack/cors.rb:95:in `call'
railties (5.2.3) lib/rails/engine.rb:524:in `call'
puma (3.12.1) lib/puma/configuration.rb:227:in `call'
puma (3.12.1) lib/puma/server.rb:660:in `handle_request'
puma (3.12.1) lib/puma/server.rb:474:in `process_client'
puma (3.12.1) lib/puma/server.rb:334:in `block in run'
puma (3.12.1) lib/puma/thread_pool.rb:135:in `block in spawn_thread'
Started GET "/teams/1" for ::1 at 2019-11-01 09:44:31 -0400
Processing by TeamsController#show as HTML
  Parameters: {"id"=>"1"}
  [1m[36mTeam Load (0.2ms)[0m  [1m[34mSELECT  "teams".* FROM "teams" WHERE "teams"."id" = ? LIMIT ?[0m  [["id", 1], ["LIMIT", 1]]
  ↳ app/controllers/teams_controller.rb:15
  [1m[35m (0.1ms)[0m  [1m[34mSELECT "players"."id" FROM "players" WHERE "players"."team_id" = ?[0m  [["team_id", 1]]
  ↳ app/controllers/teams_controller.rb:16
Completed 200 OK in 2ms (Views: 1.3ms | ActiveRecord: 0.3ms)


